[2025-03-27 13:26:04,468][train_pipeline][INFO] - Start train pipeline with params TrainingPipelineParams(path_config=PathParams(raw_cibil_data_path='data/raw_data/Cibil_Data_External.xlsx', raw_internal_data_path='data/raw_data/Internal_data_Bank.xlsx', train_data_path='data/train_data/cust_train_data.csv', val_data_path='data/validation_data/cust_val_data.csv', output_model_path='src/models/model_', output_transformer_path='src/models/transformer.pkl', metric_path='src/models/metrics.json', feature_store_path='src/models/final_features_after_feature_selection.json', feature_encoded_classifier_path='src/models/feature_risk_modelling_column_trans_classifier.pkl', label_encoder_classifier_path='src/models/label_encoding_risk_modelling_classifier.pkl', experiment_dir='src/experiments'), splitting_params=SplittingParams(train_size=0.8, val_size=0.2, random_state=21), feature_params=FeatureParams(categorical_features=['MARITALSTATUS', 'EDUCATION', 'GENDER', 'last_prod_enq2', 'first_prod_enq2'], numerical_features=['pct_tl_open_L6M', 'pct_tl_closed_L6M', 'Tot_TL_closed_L12M', 'pct_tl_closed_L12M', 'Tot_Missed_Pmnt', 'CC_TL', 'Home_TL', 'PL_TL', 'Secured_TL', 'Unsecured_TL', 'Other_TL', 'Age_Oldest_TL', 'Age_Newest_TL', 'time_since_recent_payment', 'max_recent_level_of_deliq', 'num_deliq_6_12mts', 'num_times_60p_dpd', 'num_std_12mts', 'num_sub', 'num_dbt', 'num_dbt_12mts', 'recent_level_of_deliq', 'CC_enq_L12m', 'PL_enq_L12m', 'time_since_recent_enq', 'enq_L3m', 'NETMONTHLYINCOME', 'Time_With_Curr_Empr', 'CC_Flag', 'PL_Flag', 'pct_PL_enq_L6m_of_ever', 'pct_CC_enq_L6m_of_ever', 'HL_Flag', 'GL_Flag'], target_col='Approved_Flag', normalize_numerical=False), train_params=RandomForestParams(model_type='RandomForestClassifier', random_state=42, param_grid={'n_estimators': [50, 100, 200], 'max_depth': ['None', 10, 20], 'min_samples_split': [2, 5, 10]}))
[2025-03-27 13:26:04,469][train_pipeline][INFO] - Model is RandomForestClassifier
[2025-03-27 13:26:04,470][train_pipeline][INFO] - Started loading the  raew file file - data/raw_data/Internal_data_Bank.xlsx and data/raw_data/Cibil_Data_External.xlsx 
[2025-03-27 13:26:28,960][train_pipeline][INFO] - Completed loading the  raew file file - data/raw_data/Internal_data_Bank.xlsx and data/raw_data/Cibil_Data_External.xlsx 
[2025-03-27 13:26:28,966][train_pipeline][INFO] - shape of data/raw_data/Internal_data_Bank.xlsx before null removal --->(51336, 26) 
[2025-03-27 13:26:28,966][train_pipeline][INFO] - shape of data/raw_data/Cibil_Data_External.xlsx before null removal --->(51336, 62) 
[2025-03-27 13:26:29,039][train_pipeline][INFO] - shape of data/raw_data/Internal_data_Bank.xlsx before null removal --->(51296, 26) 
[2025-03-27 13:26:29,040][train_pipeline][INFO] - shape of data/raw_data/Cibil_Data_External.xlsx before null removal --->(42066, 54) 
[2025-03-27 13:26:29,040][train_pipeline][INFO] - Merging Raw Internal data and Raw Cibil Data
[2025-03-27 13:26:29,064][train_pipeline][INFO] - Shape after Merging two raw Data :(42064, 79)
[2025-03-27 13:26:29,073][train_pipeline][INFO] - Training and validation datasets splitting started
[2025-03-27 13:26:29,092][train_pipeline][INFO] -  Initial level Training Datasets shape-Before feature selection-(33651, 79) and Initial Label Validation/Testing Data -Before Feature Selection shape-(8413, 79)
[2025-03-27 13:26:29,094][train_pipeline][INFO] - Saving Training C:\Users\dhiraj_choudhary\Music\Credit-Risk-Modelling\data\train_data\cust_train_data.csv and validation C:\Users\dhiraj_choudhary\Music\Credit-Risk-Modelling\data\validation_data\cust_val_data.csv data file ---Started
[2025-03-27 13:26:29,570][train_pipeline][INFO] - Saving Training C:\Users\dhiraj_choudhary\Music\Credit-Risk-Modelling\data\train_data\cust_train_data.csv and validation C:\Users\dhiraj_choudhary\Music\Credit-Risk-Modelling\data\validation_data\cust_val_data.csv data files---Completed
[2025-03-27 13:26:29,570][train_pipeline][INFO] - Loading the Tarining Data file for feature selection-->C:\Users\dhiraj_choudhary\Music\Credit-Risk-Modelling\data\train_data\cust_train_data.csv
[2025-03-27 13:26:29,685][train_pipeline][INFO] - starting feature selection for C:\Users\dhiraj_choudhary\Music\Credit-Risk-Modelling\data\train_data\cust_train_data.csv
[2025-03-27 13:26:29,685][train_pipeline][INFO] - Total no of Features before feature selection--->78
[2025-03-27 13:26:42,638][train_pipeline][INFO] - Total no of Features afetr feature selection--->42
[2025-03-27 13:26:42,638][train_pipeline][INFO] - Storing the final features in src/models/final_features_after_feature_selection.json started
[2025-03-27 13:26:42,638][train_pipeline][INFO] - Storing the final features in src/models/final_features_after_feature_selection.json completed
[2025-03-27 13:26:42,638][train_pipeline][INFO] - Loading the final features from src/models/final_features_after_feature_selection.json started
[2025-03-27 13:26:42,638][train_pipeline][INFO] - Loading the final features from src/models/final_features_after_feature_selection.json Completed
[2025-03-27 13:26:42,638][train_pipeline][INFO] - Feature encoding and saving its classifier to C:\Users\dhiraj_choudhary\Music\Credit-Risk-Modelling\src\models\feature_risk_modelling_column_trans_classifier.pkl started
[2025-03-27 13:26:42,709][train_pipeline][INFO] - Feature encoding and saving its classifier to C:\Users\dhiraj_choudhary\Music\Credit-Risk-Modelling\src\models\feature_risk_modelling_column_trans_classifier.pkl Completed
[2025-03-27 13:26:42,710][train_pipeline][INFO] - Label encoding saving  to its classifier C:\Users\dhiraj_choudhary\Music\Credit-Risk-Modelling\src\models\label_encoding_risk_modelling_classifier.pkl started
[2025-03-27 13:26:42,711][train_pipeline][INFO] - Label encoding saving  to its classifier C:\Users\dhiraj_choudhary\Music\Credit-Risk-Modelling\src\models\label_encoding_risk_modelling_classifier.pkl completed
[2025-03-27 13:26:42,716][train_pipeline][INFO] - Started training of {model_name} models
